Copyright 1986-2016 Xilinx, Inc. All Rights Reserved.
------------------------------------------------------------------------------------
| Tool Version : Vivado v.2016.2 (win64) Build 1577090 Thu Jun  2 16:32:40 MDT 2016
| Date         : Thu May 18 00:34:41 2017
| Host         : sburkhar-MOBL2 running 64-bit major release  (build 9200)
| Command      : upgrade_ip
| Device       : xc7a100tcsg324-1
------------------------------------------------------------------------------------

Upgrade Log for IP 'embsys_PmodHB3_0_1'

1. Summary
----------

SUCCESS in the update of embsys_PmodHB3_0_1 (pdx.edu:user:PmodHB3:1.0 (Rev. 1)) to current project options.






Copyright 1986-2016 Xilinx, Inc. All Rights Reserved.
------------------------------------------------------------------------------------
| Tool Version : Vivado v.2016.2 (win64) Build 1577090 Thu Jun  2 16:32:40 MDT 2016
| Date         : Wed May 17 22:47:07 2017
| Host         : sburkhar-MOBL2 running 64-bit major release  (build 9200)
| Command      : upgrade_ip
| Device       : xc7a100tcsg324-1
------------------------------------------------------------------------------------

Upgrade Log for IP 'embsys_PmodHB3_0_0'

1. Summary
----------

SUCCESS in the update of embsys_PmodHB3_0_0 (pdx.edu:user:PmodHB3:1.0 (Rev. 1)) to current project options.






Copyright 1986-2016 Xilinx, Inc. All Rights Reserved.
------------------------------------------------------------------------------------
| Tool Version : Vivado v.2016.2 (win64) Build 1577090 Thu Jun  2 16:32:40 MDT 2016
| Date         : Wed May 17 20:37:45 2017
| Host         : sburkhar-MOBL2 running 64-bit major release  (build 9200)
| Command      : upgrade_ip
| Device       : xc7a100tcsg324-1
------------------------------------------------------------------------------------

Upgrade Log for IP 'embsys_PmodHB3_0_1'

1. Summary
----------

SUCCESS in the update of embsys_PmodHB3_0_1 (pdx.edu:user:PmodHB3:1.0 (Rev. 1)) to current project options.






Copyright 1986-2016 Xilinx, Inc. All Rights Reserved.
------------------------------------------------------------------------------------
| Tool Version : Vivado v.2016.2 (win64) Build 1577090 Thu Jun  2 16:32:40 MDT 2016
| Date         : Wed May 17 19:38:13 2017
| Host         : sburkhar-MOBL2 running 64-bit major release  (build 9200)
| Command      : upgrade_ip
| Device       : xc7a100tcsg324-1
------------------------------------------------------------------------------------

Upgrade Log for IP 'embsys_PmodHB3_0_1'

1. Summary
----------

SUCCESS in the update of embsys_PmodHB3_0_1 (pdx.edu:user:PmodHB3:1.0 (Rev. 1)) to current project options.






Copyright 1986-2016 Xilinx, Inc. All Rights Reserved.
------------------------------------------------------------------------------------
| Tool Version : Vivado v.2016.2 (win64) Build 1577090 Thu Jun  2 16:32:40 MDT 2016
| Date         : Wed May 17 18:22:29 2017
| Host         : sburkhar-MOBL2 running 64-bit major release  (build 9200)
| Command      : upgrade_ip
| Device       : xc7a100tcsg324-1
------------------------------------------------------------------------------------

Upgrade Log for IP 'embsys_PmodHB3_0_1'

1. Summary
----------

SUCCESS in the update of embsys_PmodHB3_0_1 (pdx.edu:user:PmodHB3:1.0 (Rev. 1)) to current project options.






Copyright 1986-2016 Xilinx, Inc. All Rights Reserved.
------------------------------------------------------------------------------------
| Tool Version : Vivado v.2016.2 (win64) Build 1577090 Thu Jun  2 16:32:40 MDT 2016
| Date         : Tue May 16 18:45:43 2017
| Host         : sburkhar-MOBL2 running 64-bit major release  (build 9200)
| Command      : upgrade_ip
| Device       : xc7a100tcsg324-1
------------------------------------------------------------------------------------

Upgrade Log for IP 'embsys_PmodHB3_0_1'

1. Summary
----------

SUCCESS in the update of embsys_PmodHB3_0_1 (pdx.edu:user:PmodHB3:1.0 (Rev. 1)) to current project options.






Copyright 1986-2016 Xilinx, Inc. All Rights Reserved.
------------------------------------------------------------------------------------
| Tool Version : Vivado v.2016.2 (win64) Build 1577090 Thu Jun  2 16:32:40 MDT 2016
| Date         : Tue May 16 12:54:47 2017
| Host         : sburkhar-MOBL2 running 64-bit major release  (build 9200)
| Command      : upgrade_ip
| Device       : xc7a100tcsg324-1
------------------------------------------------------------------------------------

Upgrade Log for IP 'embsys_PmodHB3_0_1'

1. Summary
----------

SUCCESS in the update of embsys_PmodHB3_0_1 (pdx.edu:user:PmodHB3:1.0 (Rev. 1)) to current project options.






Copyright 1986-2016 Xilinx, Inc. All Rights Reserved.
------------------------------------------------------------------------------------
| Tool Version : Vivado v.2016.2 (win64) Build 1577090 Thu Jun  2 16:32:40 MDT 2016
| Date         : Tue May 16 10:15:09 2017
| Host         : sburkhar-MOBL2 running 64-bit major release  (build 9200)
| Command      : upgrade_ip
| Device       : xc7a100tcsg324-1
------------------------------------------------------------------------------------

Upgrade Log for IP 'embsys_PmodHB3_0_1'

1. Summary
----------

SUCCESS in the update of embsys_PmodHB3_0_1 (pdx.edu:user:PmodHB3:1.0 (Rev. 1)) to current project options.






Copyright 1986-2016 Xilinx, Inc. All Rights Reserved.
------------------------------------------------------------------------------------
| Tool Version : Vivado v.2016.2 (win64) Build 1577090 Thu Jun  2 16:32:40 MDT 2016
| Date         : Tue May 16 00:07:09 2017
| Host         : sburkhar-MOBL2 running 64-bit major release  (build 9200)
| Command      : upgrade_ip
| Device       : xc7a100tcsg324-1
------------------------------------------------------------------------------------

Upgrade Log for IP 'embsys_PmodHB3_0_0'

1. Summary
----------

SUCCESS in the update of embsys_PmodHB3_0_0 (pdx.edu:user:PmodHB3:1.0 (Rev. 1)) to current project options.

