19:21:00 INFO  : Launching XSDB server: xsdb.bat -interactive C:\VivadoProjects\project_2\project_2.sdk\temp_xsdb_launch_script.tcl
19:21:05 INFO  : XSDB server has started successfully.
19:21:06 INFO  : Processing command line option -hwspec C:/VivadoProjects/project_2/project_2.sdk/n4fpga.hdf.
19:27:52 INFO  : Successfully generated C:\VivadoProjects\project_2\project_2.sdk\project_2_app\src\lscript.ld.
19:27:52 INFO  : Applying linker script to all configurations of project project_2_app.
19:27:52 INFO  : Setting rebuild state to true for all configurations of project project_2_app.
19:32:51 INFO  : Connected to target on host '127.0.0.1' and port '3121'.
19:32:55 INFO  : 'targets -set -filter {jtag_cable_name =~ "Digilent Nexys4DDR 210292646055A" && level==0} -index 0' command is executed.
19:32:59 INFO  : FPGA configured successfully with bitstream "C:/VivadoProjects/project_2/project_2.sdk/n4fpga_hw_platform_0/download.bit"
19:33:17 INFO  : Processor reset is completed for microblaze_0
19:36:06 ERROR : Unexpected error while parsing XMD response ?: com.google.gson.JsonSyntaxException: com.google.gson.stream.MalformedJsonException: invalid number or unquoted string near 
20:06:10 INFO  : Launching XSDB server: xsdb.bat -interactive C:\VivadoProjects\project_2\project_2.sdk\temp_xsdb_launch_script.tcl
20:06:15 INFO  : XSDB server has started successfully.
20:06:15 INFO  : Processing command line option -hwspec C:/VivadoProjects/project_2/project_2.sdk/n4fpga.hdf.
20:06:15 INFO  : Checking for hwspec changes in the project n4fpga_hw_platform_0.
20:07:42 INFO  : Connected to target on host '127.0.0.1' and port '3121'.
20:07:47 INFO  : 'targets -set -filter {jtag_cable_name =~ "Digilent Nexys4DDR 210292646055A" && level==0} -index 0' command is executed.
20:07:50 INFO  : FPGA configured successfully with bitstream "C:/VivadoProjects/project_2/project_2.sdk/n4fpga_hw_platform_0/download.bit"
20:08:09 INFO  : Processor reset is completed for microblaze_0
20:29:25 INFO  : SDK has detected change in the last modified timestamps for source hardware specification file Source:1494473341676,  Project:1494468896383
20:29:25 INFO  : Project n4fpga_hw_platform_0's source hardware specification located at C:/VivadoProjects/project_2/project_2.sdk/n4fpga.hdf is now different from the local copy.
		 The local copy will be replaced with the source specification and your workspace will be updated.
20:29:26 INFO  : Copied contents of C:/VivadoProjects/project_2/project_2.sdk/n4fpga.hdf into \n4fpga_hw_platform_0\system.hdf.
20:29:27 INFO  : Synchronizing projects in the workspace with the hardware platform specification changes.
20:29:29 ERROR : (XSDB Server)ERROR: [Hsi 55-1433] Error boost::filesystem::directory_iterator::construct: Access is denied: "C:/Users/sburkhar/AppData/Local/Temp\msdtadmin"

20:29:29 ERROR : Failed to call sync_sw_with_hw_change
Reason: ERROR: [Common 17-39] 'hsi::open_sw_design' failed due to earlier errors.

20:29:29 ERROR : Error updating BSP project MSS files.
20:29:30 INFO  : Updating hardware inferred compiler options for project_2_app.
20:29:31 INFO  : Clearing existing target manager status.
20:30:26 ERROR : (XSDB Server)ERROR: [Hsi 55-1558] Software Design system system is not found

20:30:26 ERROR :  [Common 17-39] 'hsi::current_sw_design' failed due to earlier errors.
20:30:26 ERROR : (XSDB Server)ERROR: [Hsi 55-1558] Software Design system system is not found

20:30:26 INFO  : Unable to read in MSS file C:\VivadoProjects\project_2\project_2.sdk\standalone_bsp_0\system.mss : null
20:30:27 ERROR : (XSDB Server)ERROR: [Hsi 55-1558] Software Design system system is not found

20:30:27 ERROR : (XSDB Server)ERROR: [Hsi 55-1558] Software Design system system is not found

20:30:27 ERROR : (XSDB Server)ERROR: [Hsi 55-1558] Software Design system system is not found

20:30:27 ERROR :  [Common 17-39] 'hsi::current_sw_design' failed due to earlier errors.
20:30:27 ERROR : (XSDB Server)ERROR: [Hsi 55-1558] Software Design system system is not found

20:30:27 INFO  : Unable to read in MSS file C:\VivadoProjects\project_2\project_2.sdk\standalone_bsp_0\system.mss : null
20:30:27 ERROR : (XSDB Server)ERROR: [Hsi 55-1558] Software Design system system is not found

20:30:27 ERROR : Failed to closesw "C:/VivadoProjects/project_2/project_2.sdk/standalone_bsp_0/system.mss"
Reason: Cannot close sw design 'C:/VivadoProjects/project_2/project_2.sdk/standalone_bsp_0/system.mss'.
Design is not opened in the current session.


20:30:34 ERROR : (XSDB Server)ERROR: [Hsi 55-1558] Software Design system system is not found

20:30:34 ERROR :  [Common 17-39] 'hsi::current_sw_design' failed due to earlier errors.
20:30:34 ERROR : (XSDB Server)ERROR: [Hsi 55-1558] Software Design system system is not found

20:30:34 INFO  : Unable to read in MSS file C:\VivadoProjects\project_2\project_2.sdk\standalone_bsp_0\system.mss : null
20:30:34 ERROR : (XSDB Server)ERROR: [Hsi 55-1558] Software Design system system is not found

20:30:34 ERROR : (XSDB Server)ERROR: [Hsi 55-1558] Software Design system system is not found

20:30:34 ERROR : Failed to get_connected_periphs
Reason: ERROR: [Common 17-55] 'get_property' expects at least one object.
Resolution: If [get_<value>] was used to populate the object, check to make sure this command returns at least one valid object.

20:32:19 ERROR : (XSDB Server)ERROR: [Hsi 55-1558] Software Design system system is not found

20:32:19 ERROR :  [Common 17-39] 'hsi::current_sw_design' failed due to earlier errors.
20:32:19 ERROR : (XSDB Server)ERROR: [Hsi 55-1558] Software Design system system is not found

20:32:19 INFO  : Unable to read in MSS file C:\VivadoProjects\project_2\project_2.sdk\standalone_bsp_0\system.mss : null
20:32:19 ERROR : Failed to closesw "C:/VivadoProjects/project_2/project_2.sdk/standalone_bsp_0/system.mss"
Reason: Cannot close sw design 'C:/VivadoProjects/project_2/project_2.sdk/standalone_bsp_0/system.mss'.
Design is not opened in the current session.


20:32:34 ERROR : (XSDB Server)ERROR: [Hsi 55-1558] Software Design system system is not found

20:32:34 ERROR : Failed to call write_mss 
Reason: ERROR: [Common 17-39] 'hsi::current_sw_design' failed due to earlier errors.

20:32:36 ERROR : The Hardware Project referenced by this BSP (standalone_bsp_0) was not found in this workspace. As a result, this BSP will not build properly. To fix this error, please import the associated hardware project or recreate a new BSP targeting an existing hardware platform.
20:33:09 ERROR : Unexpected error while parsing XMD response ?: com.google.gson.JsonSyntaxException: com.google.gson.stream.MalformedJsonException: invalid number or unquoted string near 
20:33:41 INFO  : Launching XSDB server: xsdb.bat -interactive C:\VivadoProjects\project_2\project_2.sdk\temp_xsdb_launch_script.tcl
20:33:46 INFO  : XSDB server has started successfully.
20:33:47 INFO  : Processing command line option -hwspec C:/VivadoProjects/project_2/project_2.sdk/n4fpga.hdf.
20:34:46 INFO  : Refreshed build settings on project project_2_app
20:39:03 INFO  : Connected to target on host '127.0.0.1' and port '3121'.
20:39:06 INFO  : 'targets -set -filter {jtag_cable_name =~ "Digilent Nexys4DDR 210292646055A" && level==0} -index 0' command is executed.
20:39:09 INFO  : FPGA configured successfully with bitstream "C:/VivadoProjects/project_2/project_2.sdk/n4fpga_hw_platform_0/download.bit"
20:39:25 INFO  : Processor reset is completed for microblaze_0
20:54:15 INFO  : Connected to target on host '127.0.0.1' and port '3121'.
20:54:16 INFO  : 'targets -set -filter {jtag_cable_name =~ "Digilent Nexys4DDR 210292646055A" && level==0} -index 0' command is executed.
20:54:18 INFO  : FPGA configured successfully with bitstream "C:/VivadoProjects/project_2/project_2.sdk/n4fpga_hw_platform_0/download.bit"
20:54:35 INFO  : Processor reset is completed for microblaze_0
21:04:32 ERROR : Failed to get all peripherals
Reason: unable to find hardware specification file/project C:/VivadoProjects/project_2/project_2.sdk/n4fpga_hw_platform_0/system.hdf
21:04:32 ERROR : Unable to disconnect from existing targets
java.lang.RuntimeException: Failed to get all peripherals
Reason: unable to find hardware specification file/project C:/VivadoProjects/project_2/project_2.sdk/n4fpga_hw_platform_0/system.hdf
	at com.xilinx.sdk.xsdb.XsdbCommandUtils.handleResult(XsdbCommandUtils.java:301)
	at com.xilinx.sdk.xsdb.XsdbCommandUtils.executeAndRespond(XsdbCommandUtils.java:239)
	at com.xilinx.sdk.hw.internal.HwPlatform.populatePeripheralDetails(HwPlatform.java:685)
	at com.xilinx.sdk.hw.internal.HwPlatform.getProcessorNames(HwPlatform.java:555)
	at com.xilinx.sdk.targetmanager.internal.TM.disconnectExistingTargets(TM.java:299)
	at com.xilinx.sdk.targetmanager.internal.TM.terminate(TM.java:212)
	at com.xilinx.sdk.targetmanager.TMPlugin.stop(TMPlugin.java:58)
	at org.eclipse.osgi.internal.framework.BundleContextImpl$4.run(BundleContextImpl.java:827)
	at org.eclipse.osgi.internal.framework.BundleContextImpl$4.run(BundleContextImpl.java:1)
	at java.security.AccessController.doPrivileged(Native Method)
	at org.eclipse.osgi.internal.framework.BundleContextImpl.stop(BundleContextImpl.java:820)
	at org.eclipse.osgi.internal.framework.EquinoxBundle.stopWorker0(EquinoxBundle.java:955)
	at org.eclipse.osgi.internal.framework.EquinoxBundle$EquinoxModule.stopWorker(EquinoxBundle.java:323)
	at org.eclipse.osgi.container.Module.doStop(Module.java:626)
	at org.eclipse.osgi.container.Module.stop(Module.java:488)
	at org.eclipse.osgi.container.ModuleContainer$ContainerStartLevel.decStartLevel(ModuleContainer.java:1623)
	at org.eclipse.osgi.container.ModuleContainer$ContainerStartLevel.doContainerStartLevel(ModuleContainer.java:1542)
	at org.eclipse.osgi.container.SystemModule.stopWorker(SystemModule.java:248)
	at org.eclipse.osgi.internal.framework.EquinoxBundle$SystemBundle$EquinoxSystemModule.stopWorker(EquinoxBundle.java:144)
	at org.eclipse.osgi.container.Module.doStop(Module.java:626)
	at org.eclipse.osgi.container.Module.stop(Module.java:488)
	at org.eclipse.osgi.container.SystemModule.stop(SystemModule.java:186)
	at org.eclipse.osgi.internal.framework.EquinoxBundle$SystemBundle$EquinoxSystemModule$1.run(EquinoxBundle.java:159)
	at java.lang.Thread.run(Thread.java:745)
21:04:32 ERROR : Unexpected error while parsing XMD response ?: com.google.gson.JsonSyntaxException: com.google.gson.stream.MalformedJsonException: invalid number or unquoted string near 
21:13:58 INFO  : Launching XSDB server: xsdb.bat -interactive C:\VivadoProjects\project_2\project_2.sdk\temp_xsdb_launch_script.tcl
21:14:03 INFO  : XSDB server has started successfully.
21:14:04 INFO  : Processing command line option -hwspec C:/VivadoProjects/project_2/project_2.sdk/n4fpga.hdf.
21:15:32 INFO  : Refreshed build settings on project project_2_app
21:20:54 INFO  : Connected to target on host '127.0.0.1' and port '3121'.
21:20:55 INFO  : 'targets -set -filter {jtag_cable_name =~ "Digilent Nexys4DDR 210292646055A" && level==0} -index 0' command is executed.
21:20:58 INFO  : FPGA configured successfully with bitstream "C:/VivadoProjects/project_2/project_2.sdk/n4fpga_hw_platform_0/download.bit"
21:21:38 INFO  : Processor reset is completed for microblaze_0
21:35:19 INFO  : SDK has detected change in the last modified timestamps for source hardware specification file Source:1494477169312,  Project:1494475908190
21:35:19 INFO  : Project n4fpga_hw_platform_0's source hardware specification located at C:/VivadoProjects/project_2/project_2.sdk/n4fpga.hdf is now different from the local copy.
		 The local copy will be replaced with the source specification and your workspace will be updated.
21:36:07 INFO  : Copied contents of C:/VivadoProjects/project_2/project_2.sdk/n4fpga.hdf into \n4fpga_hw_platform_0\system.hdf.
21:36:08 INFO  : Synchronizing projects in the workspace with the hardware platform specification changes.
21:36:09 ERROR : (XSDB Server)ERROR: [Hsi 55-1433] Error boost::filesystem::directory_iterator::construct: Access is denied: "C:/Users/sburkhar/AppData/Local/Temp\msdtadmin"

21:36:09 ERROR : Failed to call sync_sw_with_hw_change
Reason: ERROR: [Common 17-39] 'hsi::open_sw_design' failed due to earlier errors.

21:36:09 ERROR : Error updating BSP project MSS files.
21:36:11 INFO  : Updating hardware inferred compiler options for project_2_app.
21:36:11 INFO  : Clearing existing target manager status.
21:36:11 INFO  : Closing and re-opening the MSS file of ther project standalone_bsp_0
21:36:11 ERROR : (XSDB Server)ERROR: [Hsi 55-1558] Software Design system system is not found

21:36:11 ERROR :  [Common 17-39] 'hsi::current_sw_design' failed due to earlier errors.
21:36:11 ERROR : (XSDB Server)ERROR: [Hsi 55-1558] Software Design system system is not found

21:36:11 INFO  : Unable to read in MSS file C:\VivadoProjects\project_2\project_2.sdk\standalone_bsp_0\system.mss : null
21:36:11 ERROR : (XSDB Server)ERROR: [Hsi 55-1558] Software Design system system is not found

21:36:11 ERROR : (XSDB Server)ERROR: [Hsi 55-1558] Software Design system system is not found

21:36:11 ERROR : (XSDB Server)ERROR: [Hsi 55-1558] Software Design system system is not found

21:36:11 ERROR :  [Common 17-39] 'hsi::current_sw_design' failed due to earlier errors.
21:36:11 ERROR : (XSDB Server)ERROR: [Hsi 55-1558] Software Design system system is not found

21:36:11 INFO  : Unable to read in MSS file C:\VivadoProjects\project_2\project_2.sdk\standalone_bsp_0\system.mss : null
21:36:11 ERROR : (XSDB Server)ERROR: [Hsi 55-1558] Software Design system system is not found

21:36:11 ERROR : Failed to closesw "C:/VivadoProjects/project_2/project_2.sdk/standalone_bsp_0/system.mss"
Reason: Cannot close sw design 'C:/VivadoProjects/project_2/project_2.sdk/standalone_bsp_0/system.mss'.
Design is not opened in the current session.


21:36:11 INFO  : Closing and re-opening the MSS file of ther project standalone_bsp_0
21:36:12 INFO  : Workspace synchronized with the new hardware specification file. Cleaning dependent projects...
21:36:15 WARN  : Linker script will not be updated automatically. Users need to update it manually.
21:36:43 ERROR : Unexpected error while parsing XMD response ?: com.google.gson.JsonSyntaxException: com.google.gson.stream.MalformedJsonException: invalid number or unquoted string near 
21:37:17 INFO  : Launching XSDB server: xsdb.bat -interactive C:\VivadoProjects\project_2\project_2.sdk\temp_xsdb_launch_script.tcl
21:37:22 INFO  : XSDB server has started successfully.
21:37:22 INFO  : Processing command line option -hwspec C:/VivadoProjects/project_2/project_2.sdk/n4fpga.hdf.
21:37:56 INFO  : Refreshed build settings on project project_2_app
21:43:03 INFO  : Connected to target on host '127.0.0.1' and port '3121'.
21:43:07 INFO  : 'targets -set -filter {jtag_cable_name =~ "Digilent Nexys4DDR 210292646055A" && level==0} -index 0' command is executed.
21:43:09 INFO  : FPGA configured successfully with bitstream "C:/VivadoProjects/project_2/project_2.sdk/n4fpga_hw_platform_0/download.bit"
21:43:28 INFO  : Processor reset is completed for microblaze_0
21:46:40 ERROR : Unexpected error while parsing XMD response ?: com.google.gson.JsonSyntaxException: com.google.gson.stream.MalformedJsonException: invalid number or unquoted string near 
